<?xml version="1.0" encoding="UTF-8"?>
<testng-results ignored="0" total="1" passed="1" failed="0" skipped="0">
  <reporter-output>
  </reporter-output>
  <suite started-at="2022-04-03T12:58:39 EET" name="Default suite" finished-at="2022-04-03T12:59:20 EET" duration-ms="40944">
    <groups>
    </groups>
    <test started-at="2022-04-03T12:58:39 EET" name="Default test" finished-at="2022-04-03T12:59:20 EET" duration-ms="40944">
      <class name="tests.AddMemberCase">
        <test-method is-config="true" signature="beforeClass()[pri:0, instance:tests.AddMemberCase@21de60b4]" started-at="2022-04-03T12:58:39 EET" name="beforeClass" finished-at="2022-04-03T12:58:40 EET" duration-ms="1426" status="PASS">
          <reporter-output>
          </reporter-output>
        </test-method> <!-- beforeClass -->
        <test-method signature="Addnewprimarymember(java.lang.String,java.lang.String,java.lang.String,java.lang.String,java.lang.String,java.lang.String,java.lang.String,java.lang.String,java.lang.String,java.lang.String,java.lang.String,java.lang.String)[pri:0, instance:tests.AddMemberCase@21de60b4]" started-at="2022-04-03T12:58:40 EET" name="Addnewprimarymember" data-provider="AddPriamryMember" finished-at="2022-04-03T12:59:15 EET" duration-ms="35013" status="PASS">
          <params>
            <param index="0">
              <value>
                <![CDATA[nmusallam]]>
              </value>
            </param>
            <param index="1">
              <value>
                <![CDATA[don1thack]]>
              </value>
            </param>
            <param index="2">
              <value>
                <![CDATA[53569687]]>
              </value>
            </param>
            <param index="3">
              <value>
                <![CDATA[soha]]>
              </value>
            </param>
            <param index="4">
              <value>
                <![CDATA[ashraf]]>
              </value>
            </param>
            <param index="5">
              <value>
                <![CDATA[t_7ryr@test.com]]>
              </value>
            </param>
            <param index="6">
              <value>
                <![CDATA[18 test street]]>
              </value>
            </param>
            <param index="7">
              <value>
                <![CDATA[75202.0]]>
              </value>
            </param>
            <param index="8">
              <value>
                <![CDATA[25.0]]>
              </value>
            </param>
            <param index="9">
              <value>
                <![CDATA[female]]>
              </value>
            </param>
            <param index="10">
              <value>
                <![CDATA[single]]>
              </value>
            </param>
            <param index="11">
              <value>
                <![CDATA[9]]>
              </value>
            </param>
          </params>
          <reporter-output>
          </reporter-output>
        </test-method> <!-- Addnewprimarymember -->
        <test-method is-config="true" signature="afterClass()[pri:0, instance:tests.AddMemberCase@21de60b4]" started-at="2022-04-03T12:59:15 EET" name="afterClass" finished-at="2022-04-03T12:59:20 EET" duration-ms="4183" status="PASS">
          <reporter-output>
          </reporter-output>
        </test-method> <!-- afterClass -->
      </class> <!-- tests.AddMemberCase -->
    </test> <!-- Default test -->
  </suite> <!-- Default suite -->
</testng-results>
